<?xml version="1.0" encoding="utf-8"?><testsuites name="pytest tests"><testsuite name="pytest" errors="0" failures="0" skipped="0" tests="16" time="3.222" timestamp="2026-04-13T17:09:13.213959+00:00" hostname="agent-env-45b14326-99ad-436e-aed1-ce9ffa5b6555"><testcase classname="tests.test_api_comprehensive.TestHealth" name="test_health_check" time="0.319" /><testcase classname="tests.test_api_comprehensive.TestUsers" name="test_create_user_and_verify" time="0.244" /><testcase classname="tests.test_api_comprehensive.TestUsers" name="test_get_nonexistent_user" time="0.111" /><testcase classname="tests.test_api_comprehensive.TestUsers" name="test_update_user" time="0.246" /><testcase classname="tests.test_api_comprehensive.TestFoods" name="test_get_all_foods" time="0.117" /><testcase classname="tests.test_api_comprehensive.TestFoods" name="test_search_foods" time="0.098" /><testcase classname="tests.test_api_comprehensive.TestFoods" name="test_get_food_categories" time="0.134" /><testcase classname="tests.test_api_comprehensive.TestFoods" name="test_filter_by_category" time="0.199" /><testcase classname="tests.test_api_comprehensive.TestMeals" name="test_log_meal_and_verify" time="0.271" /><testcase classname="tests.test_api_comprehensive.TestMeals" name="test_get_meal_history" time="0.216" /><testcase classname="tests.test_api_comprehensive.TestExercises" name="test_get_all_exercises" time="0.172" /><testcase classname="tests.test_api_comprehensive.TestExercises" name="test_get_exercise_suggestions" time="0.179" /><testcase classname="tests.test_api_comprehensive.TestExercises" name="test_log_exercise_and_verify" time="0.221" /><testcase classname="tests.test_api_comprehensive.TestProgress" name="test_log_weight_and_verify" time="0.319" /><testcase classname="tests.test_api_comprehensive.TestProgress" name="test_get_progress_stats" time="0.149" /><testcase classname="tests.test_api_comprehensive.TestMotivation" name="test_get_motivation" time="0.163" /></testsuite></testsuites>